<?xml version="1.0" encoding="UTF-8"?>
<!-- Generated by org.testng.reporters.JUnitXMLReporter -->
<testsuite ignored="0" hostname="DESKTOP-GSR42L0" failures="0" tests="16" name="Test" time="0.272" errors="0" timestamp="2023-01-18T20:39:44 IST">
  <testcase classname="learnTestNG.AnnotationHRM" name="@BeforeSuite launchBrowser" time="3.816">
    <failure type="org.openqa.selenium.SessionNotCreatedException" message="Could not start a new session. Response code 500. Message: session not created: This version of ChromeDriver only supports Chrome version 107
Current browser version is 109.0.5414.75 with binary path C:\Program Files\Google\Chrome\Application\chrome.exe 
Host info: host: &amp;apos;DESKTOP-GSR42L0&amp;apos;, ip: &amp;apos;192.168.31.208&amp;apos;
Build info: version: &amp;apos;4.7.2&amp;apos;, revision: &amp;apos;4d4020c3b7&amp;apos;
System info: os.name: &amp;apos;Windows 10&amp;apos;, os.arch: &amp;apos;amd64&amp;apos;, os.version: &amp;apos;10.0&amp;apos;, java.version: &amp;apos;17.0.4.1&amp;apos;
Driver info: org.openqa.selenium.chrome.ChromeDriver
Command: [null, newSession {capabilities=[Capabilities {browserName: chrome, goog:chromeOptions: {args: [], extensions: []}}], desiredCapabilities=Capabilities {browserName: chrome, goog:chromeOptions: {args: [], extensions: []}}}]">
      <![CDATA[org.openqa.selenium.SessionNotCreatedException: Could not start a new session. Response code 500. Message: session not created: This version of ChromeDriver only supports Chrome version 107
Current browser version is 109.0.5414.75 with binary path C:\Program Files\Google\Chrome\Application\chrome.exe 
Host info: host: 'DESKTOP-GSR42L0', ip: '192.168.31.208'
Build info: version: '4.7.2', revision: '4d4020c3b7'
System info: os.name: 'Windows 10', os.arch: 'amd64', os.version: '10.0', java.version: '17.0.4.1'
Driver info: org.openqa.selenium.chrome.ChromeDriver
Command: [null, newSession {capabilities=[Capabilities {browserName: chrome, goog:chromeOptions: {args: [], extensions: []}}], desiredCapabilities=Capabilities {browserName: chrome, goog:chromeOptions: {args: [], extensions: []}}}]
at org.openqa.selenium.remote.ProtocolHandshake.createSession(ProtocolHandshake.java:148)
at org.openqa.selenium.remote.ProtocolHandshake.createSession(ProtocolHandshake.java:106)
at org.openqa.selenium.remote.ProtocolHandshake.createSession(ProtocolHandshake.java:67)
at org.openqa.selenium.remote.HttpCommandExecutor.execute(HttpCommandExecutor.java:156)
at org.openqa.selenium.remote.service.DriverCommandExecutor.invokeExecute(DriverCommandExecutor.java:167)
at org.openqa.selenium.remote.service.DriverCommandExecutor.execute(DriverCommandExecutor.java:142)
at org.openqa.selenium.remote.RemoteWebDriver.execute(RemoteWebDriver.java:535)
at org.openqa.selenium.remote.RemoteWebDriver.startSession(RemoteWebDriver.java:228)
at org.openqa.selenium.remote.RemoteWebDriver.<init>(RemoteWebDriver.java:156)
at org.openqa.selenium.chromium.ChromiumDriver.<init>(ChromiumDriver.java:101)
at org.openqa.selenium.chrome.ChromeDriver.<init>(ChromeDriver.java:82)
at org.openqa.selenium.chrome.ChromeDriver.<init>(ChromeDriver.java:50)
at learnTestNG.AnnotationHRM.launchBrowser(AnnotationHRM.java:17)
... Removed 23 stack frames]]>
    </failure>
  </testcase> <!-- @BeforeSuite launchBrowser -->
  <testcase classname="learnTestNG.AnnotationHRM" name="@BeforeTest loginProcess" time="0.0">
    <skipped/>
  </testcase> <!-- @BeforeTest loginProcess -->
  <testcase classname="learnTestNG.AnnotationHRM" name="@AfterTest logoutProcess" time="0.0">
    <skipped/>
  </testcase> <!-- @AfterTest logoutProcess -->
  <testcase classname="learnTestNG.GroupsDemo" name="testCase1" time="0.0">
    <skipped/>
  </testcase> <!-- testCase1 -->
  <testcase classname="learnTestNG.GroupsDemo" name="testCase2" time="0.0">
    <skipped/>
  </testcase> <!-- testCase2 -->
  <testcase classname="learnTestNG.GroupsDemo" name="testCase3" time="0.0">
    <skipped/>
  </testcase> <!-- testCase3 -->
  <testcase classname="learnTestNG.GroupsDemo" name="testCase4" time="0.0">
    <skipped/>
  </testcase> <!-- testCase4 -->
  <testcase classname="learnTestNG.GroupsDemo" name="testCase5" time="0.0">
    <skipped/>
  </testcase> <!-- testCase5 -->
  <testcase classname="learnTestNG.GroupsDemo" name="testCase6" time="0.0">
    <skipped/>
  </testcase> <!-- testCase6 -->
  <testcase classname="learnTestNG.GroupsDemo" name="testCase7" time="0.0">
    <skipped/>
  </testcase> <!-- testCase7 -->
  <testcase classname="learnTestNG.DataProviderOHM" name="Log_in" time="0.0">
    <skipped/>
  </testcase> <!-- Log_in -->
  <testcase classname="learnTestNG.DataProviderOHM" name="Log_in" time="0.0">
    <skipped/>
  </testcase> <!-- Log_in -->
  <testcase classname="learnTestNG.DataProviderOHM" name="Log_in" time="0.0">
    <skipped/>
  </testcase> <!-- Log_in -->
  <testcase classname="learnTestNG.DataProviderDemo" name="flipkartSearch" time="0.0">
    <skipped/>
  </testcase> <!-- flipkartSearch -->
  <testcase classname="learnTestNG.DataProviderDemo" name="flipkartSearch" time="0.0">
    <skipped/>
  </testcase> <!-- flipkartSearch -->
  <testcase classname="learnTestNG.DataProviderDemo" name="flipkartSearch" time="0.0">
    <skipped/>
  </testcase> <!-- flipkartSearch -->
  <testcase classname="learnTestNG.AnnotationHRM" name="testPIM" time="0.0">
    <skipped/>
  </testcase> <!-- testPIM -->
  <testcase classname="learnTestNG.AnnotationHRM" name="pIMReport" time="0.0">
    <skipped/>
  </testcase> <!-- pIMReport -->
  <testcase classname="learnTestNG.AnnotationHRM" name="addEmployee" time="0.0">
    <skipped/>
  </testcase> <!-- addEmployee -->
</testsuite> <!-- Test -->
